{"/Users/deusigs/NodeJs/tucomanda/src/Product/application/services/Product.service.ts": {"path":"/Users/deusigs/NodeJs/tucomanda/src/Product/application/services/Product.service.ts","statementMap":{"0":{"start":{"line":1,"column":0},"end":{"line":1,"column":50}},"1":{"start":{"line":7,"column":23},"end":{"line":7,"column":59}},"2":{"start":{"line":10,"column":8},"end":{"line":15,"column":null}},"3":{"start":{"line":11,"column":33},"end":{"line":11,"column":70}},"4":{"start":{"line":12,"column":12},"end":{"line":12,"column":66}},"5":{"start":{"line":14,"column":12},"end":{"line":14,"column":76}},"6":{"start":{"line":19,"column":0},"end":{"line":19,"column":30}}},"fnMap":{"0":{"name":"(anonymous_7)","decl":{"start":{"line":7,"column":4},"end":{"line":7,"column":23}},"loc":{"start":{"line":7,"column":59},"end":{"line":7,"column":62}}},"1":{"name":"(anonymous_8)","decl":{"start":{"line":9,"column":10},"end":{"line":9,"column":16}},"loc":{"start":{"line":9,"column":16},"end":{"line":16,"column":null}}}},"branchMap":{},"s":{"0":1,"1":4,"2":4,"3":4,"4":2,"5":2,"6":1},"f":{"0":4,"1":4},"b":{}}
,"/Users/deusigs/NodeJs/tucomanda/src/Product/infrastructure/controllers/Product.controller.ts": {"path":"/Users/deusigs/NodeJs/tucomanda/src/Product/infrastructure/controllers/Product.controller.ts","statementMap":{"0":{"start":{"line":4,"column":26},"end":{"line":9,"column":2}},"1":{"start":{"line":4,"column":63},"end":{"line":9,"column":2}},"2":{"start":{"line":5,"column":57},"end":{"line":8,"column":null}},"3":{"start":{"line":6,"column":40},"end":{"line":6,"column":69}},"4":{"start":{"line":7,"column":8},"end":{"line":7,"column":49}},"5":{"start":{"line":11,"column":0},"end":{"line":11,"column":33}}},"fnMap":{"0":{"name":"(anonymous_7)","decl":{"start":{"line":4,"column":26},"end":{"line":4,"column":27}},"loc":{"start":{"line":4,"column":63},"end":{"line":9,"column":2}}},"1":{"name":"(anonymous_8)","decl":{"start":{"line":5,"column":20},"end":{"line":5,"column":26}},"loc":{"start":{"line":5,"column":57},"end":{"line":8,"column":null}}},"2":{"name":"(anonymous_9)","decl":{"start":{"line":5,"column":57},"end":{"line":5,"column":null}},"loc":{"start":{"line":5,"column":57},"end":{"line":8,"column":5}}}},"branchMap":{},"s":{"0":1,"1":2,"2":2,"3":2,"4":2,"5":1},"f":{"0":2,"1":2,"2":2},"b":{}}
,"/Users/deusigs/NodeJs/tucomanda/src/User/application/services/User.service.ts": {"path":"/Users/deusigs/NodeJs/tucomanda/src/User/application/services/User.service.ts","statementMap":{"0":{"start":{"line":3,"column":0},"end":{"line":3,"column":50}},"1":{"start":{"line":5,"column":0},"end":{"line":5,"column":32}},"2":{"start":{"line":11,"column":4},"end":{"line":11,"column":41}},"3":{"start":{"line":15,"column":4},"end":{"line":20,"column":null}},"4":{"start":{"line":16,"column":24},"end":{"line":16,"column":58}},"5":{"start":{"line":17,"column":6},"end":{"line":17,"column":57}},"6":{"start":{"line":19,"column":6},"end":{"line":19,"column":70}},"7":{"start":{"line":24,"column":34},"end":{"line":31,"column":null}},"8":{"start":{"line":36,"column":4},"end":{"line":46,"column":null}},"9":{"start":{"line":37,"column":19},"end":{"line":37,"column":43}},"10":{"start":{"line":38,"column":6},"end":{"line":38,"column":71}},"11":{"start":{"line":40,"column":23},"end":{"line":40,"column":68}},"12":{"start":{"line":43,"column":6},"end":{"line":43,"column":60}},"13":{"start":{"line":45,"column":6},"end":{"line":45,"column":58}},"14":{"start":{"line":62,"column":0},"end":{"line":62,"column":27}}},"fnMap":{"0":{"name":"(anonymous_8)","decl":{"start":{"line":10,"column":2},"end":{"line":10,"column":14}},"loc":{"start":{"line":10,"column":44},"end":{"line":12,"column":3}}},"1":{"name":"(anonymous_9)","decl":{"start":{"line":14,"column":8},"end":{"line":14,"column":14}},"loc":{"start":{"line":14,"column":14},"end":{"line":21,"column":null}}},"2":{"name":"(anonymous_11)","decl":{"start":{"line":23,"column":8},"end":{"line":23,"column":16}},"loc":{"start":{"line":23,"column":33},"end":{"line":59,"column":null}}}},"branchMap":{},"s":{"0":1,"1":1,"2":7,"3":4,"4":4,"5":2,"6":2,"7":3,"8":3,"9":3,"10":3,"11":3,"12":2,"13":1,"14":1},"f":{"0":7,"1":4,"2":3},"b":{}}
,"/Users/deusigs/NodeJs/tucomanda/src/User/infrastructure/controllers/User.controller.ts": {"path":"/Users/deusigs/NodeJs/tucomanda/src/User/infrastructure/controllers/User.controller.ts","statementMap":{"0":{"start":{"line":4,"column":23},"end":{"line":15,"column":2}},"1":{"start":{"line":4,"column":54},"end":{"line":15,"column":2}},"2":{"start":{"line":5,"column":54},"end":{"line":8,"column":null}},"3":{"start":{"line":6,"column":40},"end":{"line":6,"column":66}},"4":{"start":{"line":7,"column":8},"end":{"line":7,"column":49}},"5":{"start":{"line":9,"column":51},"end":{"line":14,"column":null}},"6":{"start":{"line":10,"column":21},"end":{"line":10,"column":29}},"7":{"start":{"line":11,"column":40},"end":{"line":11,"column":72}},"8":{"start":{"line":13,"column":8},"end":{"line":13,"column":47}},"9":{"start":{"line":17,"column":0},"end":{"line":17,"column":30}}},"fnMap":{"0":{"name":"(anonymous_7)","decl":{"start":{"line":4,"column":23},"end":{"line":4,"column":24}},"loc":{"start":{"line":4,"column":54},"end":{"line":15,"column":2}}},"1":{"name":"(anonymous_8)","decl":{"start":{"line":5,"column":17},"end":{"line":5,"column":23}},"loc":{"start":{"line":5,"column":54},"end":{"line":8,"column":null}}},"2":{"name":"(anonymous_9)","decl":{"start":{"line":5,"column":54},"end":{"line":5,"column":null}},"loc":{"start":{"line":5,"column":54},"end":{"line":8,"column":5}}},"3":{"name":"(anonymous_10)","decl":{"start":{"line":9,"column":14},"end":{"line":9,"column":20}},"loc":{"start":{"line":9,"column":51},"end":{"line":14,"column":null}}},"4":{"name":"(anonymous_11)","decl":{"start":{"line":9,"column":51},"end":{"line":9,"column":null}},"loc":{"start":{"line":9,"column":51},"end":{"line":14,"column":5}}}},"branchMap":{},"s":{"0":1,"1":5,"2":2,"3":2,"4":2,"5":3,"6":3,"7":3,"8":3,"9":1},"f":{"0":5,"1":2,"2":2,"3":3,"4":3},"b":{}}
,"/Users/deusigs/NodeJs/tucomanda/src/utils/http.ts": {"path":"/Users/deusigs/NodeJs/tucomanda/src/utils/http.ts","statementMap":{"0":{"start":{"line":1,"column":13},"end":{"line":6,"column":4}}},"fnMap":{},"branchMap":{},"s":{"0":2},"f":{},"b":{}}
}
