TN:
SF:src/Product/application/services/Product.service.ts
FN:7,(anonymous_7)
FN:9,(anonymous_8)
FNF:2
FNH:2
FNDA:4,(anonymous_7)
FNDA:4,(anonymous_8)
DA:1,1
DA:7,4
DA:10,4
DA:11,4
DA:12,2
DA:14,2
DA:19,1
LF:7
LH:7
BRF:0
BRH:0
end_of_record
TN:
SF:src/Product/infrastructure/controllers/Product.controller.ts
FN:4,(anonymous_7)
FN:5,(anonymous_8)
FN:5,(anonymous_9)
FNF:3
FNH:3
FNDA:2,(anonymous_7)
FNDA:2,(anonymous_8)
FNDA:2,(anonymous_9)
DA:4,2
DA:5,2
DA:6,2
DA:7,2
DA:11,1
LF:5
LH:5
BRF:0
BRH:0
end_of_record
TN:
SF:src/User/application/services/User.service.ts
FN:10,(anonymous_8)
FN:14,(anonymous_9)
FN:23,(anonymous_11)
FNF:3
FNH:3
FNDA:7,(anonymous_8)
FNDA:4,(anonymous_9)
FNDA:3,(anonymous_11)
DA:3,1
DA:5,1
DA:11,7
DA:15,4
DA:16,4
DA:17,2
DA:19,2
DA:24,3
DA:36,3
DA:37,3
DA:38,3
DA:40,3
DA:43,2
DA:45,1
DA:62,1
LF:15
LH:15
BRF:0
BRH:0
end_of_record
TN:
SF:src/User/infrastructure/controllers/User.controller.ts
FN:4,(anonymous_7)
FN:5,(anonymous_8)
FN:5,(anonymous_9)
FN:9,(anonymous_10)
FN:9,(anonymous_11)
FNF:5
FNH:5
FNDA:5,(anonymous_7)
FNDA:2,(anonymous_8)
FNDA:2,(anonymous_9)
FNDA:3,(anonymous_10)
FNDA:3,(anonymous_11)
DA:4,5
DA:5,2
DA:6,2
DA:7,2
DA:9,3
DA:10,3
DA:11,3
DA:13,3
DA:17,1
LF:9
LH:9
BRF:0
BRH:0
end_of_record
TN:
SF:src/utils/http.ts
FNF:0
FNH:0
DA:1,2
LF:1
LH:1
BRF:0
BRH:0
end_of_record
